ironingot
board
gold
kukui nut
AgapiteIngot
BagOfReagents
BlackPearl
Bloodmoss
Board
Bola
BronzeIngot
Cloth
CopperIngot
Crafting Glass With Glassblowing
DullCopperIngot
Embroidering
FertileDirt
Find Glass-Quality Sand
Garlic
Ginseng
Gold
GoldIngot
GoldNecklace
Leather Embroidering
Making Valuables With Stonecrafting
MandrakeRoot
manuscript paper
Metal Etching
music box
music composition book
Nightshade
ShadowIronIngot
Spellbook
Runebook
SpidersSilk
SulfurousAsh
Township Builder Tool
ValoriteIngot
VeriteIngot
Wood Engraving
MahjongGame
PlantBowl
AccountBook
AgilityPotion
AgilityPotion
AgilityScroll
AgilityScroll
Amber
Amber
Amethyst
Amethyst
AnimateDeadScroll
Apple
Apple
ApplePie
ApplePie
AquariumEastDeed
AquariumFishNet
AquariumFood
AquariumNorthDeed
ArchCureScroll
ArchProtectionScroll
Arrow
Arrow
Axe
Axe
Axle
Axle
AxleGears
AxleGears
Backgammon
Backgammon
Backpack
Backpack
Bacon
Bacon
Bag
Bag
BambooChair
Banana
Banana
Bandage
Bandage
Bandana
Bandana
Bardiche
Bardiche
BarkeepContract
BarkeepWorkPermit
Bascinet
Bascinet
BattleAxe
BattleAxe
BatWing
BatWing
Beads
Beads
Bedroll
Beeswax
Beeswax
BeverageBottle
BeverageBottle
BlackPearl
BlackPearl
BlackStaff
BlackStaff
BladedStaff
BladedStaff
BladeSpiritsScroll
BlankMap
BlankMap
BlankScroll
BlankScroll
BlessScroll
BlessScroll
Bloodmoss
Bloodmoss
BloodOathScroll
Blowpipe
Blowpipe
BlueBook
BlueBook
Board
Board
Bolt
Bolt
BoltOfCloth
BoltOfCloth
BoneHarvester
BoneHarvester
BoneMagiArmor
BoneMagiArms
BoneMagiGloves
BoneMagiHelm
BoneMagiLegs
Bonnet
Bonnet
BookOfBushido
BookOfChivalry
BookOfNinjitsu
Boots
Boots
Bottle
Bottle
BountyLedger
Bow
Bow
BowlFlour
BreadLoaf
BreadLoaf
BritainLargeAddonDeed
BritainMediumEastAddonDeed
BritainMediumSouthAddonDeed
BritainSmallEastAddonDeed
BritainSmallSouthAddonDeed
BroadcastCrystal
Broadsword
Broadsword
BronzeShield
BronzeShield
BrownBook
BrownBook
Buckler
Buckler
ButcherKnife
ButcherKnife
Cabbage
Cabbage
Cake
Cake
Candle
Candle
Cantaloupe
Cantaloupe
Cap
Cap
Carrot
Carrot
CartographersSextant
Cask
CellHouseDoorDeed
CertificateOfIdentity
ChainChest
ChainChest
ChainCoif
ChainCoif
ChainLegs
ChainLegs
ChainLightningScroll
CheckerBoard
CheckerBoard
CheesePizza
CheesePizza
CheeseWheel
CheeseWheel
Chessboard
Chessboard
ChickenLeg
ChickenLeg
Citrine
Citrine
CityMap
Cleaver
Cleaver
Cloak
Cloak
Clock
Clock
ClockParts
ClockParts
CloseHelm
CloseHelm
Cloth
ClothingBlessDeed
Club
Club
ClumsyScroll
ClumsyScroll
ColorSwatch
CommodityDeed
CommunicationCrystal
CompositeBow
CompositeBow
ContractOfEmployment
ContractOfEmployment
CookedBird
CookedBird
Cookies
Cookies
CorpseSkinScroll
Cotton
Cotton
CreateFoodScroll
CreateFoodScroll
CrescentBlade
CrescentBlade
Crossbow
Crossbow
CunningScroll
CunningScroll
CureScroll
CureScroll
CurseScroll
CurseWeaponScroll
Cutlass
Cutlass
DaemonBlood
DaemonBlood
Dagger
Dagger
DarkWoodGateHouseDoorDeed
DarkWoodHouseDoorDeed
DarkYarn
DarkYarn
DeluciaLargeAddonDeed
DeluciaMediumEastAddonDeed
DeluciaMediumSouthAddonDeed
DeluciaSmallEastAddonDeed
DeluciaSmallSouthAddonDeed
Diamond
Diamond
Dices
Dices
DispelFieldScroll
DispelScroll
DisplayCaseLargeEastAddonDeed
DisplayCaseLargeSouthAddonDeed
DisplayCaseMediumEastAddonDeed
DisplayCaseMediumSouthAddonDeed
DisplayCaseNarrowEastAddonDeed
DisplayCaseNarrowSouthAddonDeed
DisplayCaseSmallEastAddonDeed
DisplayCaseSmallSouthAddonDeed
DisplayCaseSquareAddonDeed
DisplayCaseTinyEastAddonDeed
DisplayCaseTinySouthAddonDeed
DoorRekeyingContract
DoubleAxe
DoubleAxe
DoubleBladedStaff
DoubleBladedStaff
Doublet
Doublet
Dough
Dough
DovetailSaw
DovetailSaw
DrawKnife
DrawKnife
Drums
Drums
Dyes
Dyes
DyeTub
DyeTub
EarthquakeScroll
Eggs
Eggs
Embroidery
EmbroideryBook
Emerald
Emerald
EmptyPewterBowl
EmptyPewterBowl
EnergyBoltScroll
EnergyFieldScroll
EnergyVortexScroll
EtchingBook
EtchingKit
EvilOmenScroll
ExecutionersAxe
ExecutionersAxe
ExorcismScroll
ExplosionScroll
ExtravagantUpgradeContract
FancyDress
FancyDress
FancyShirt
FancyShirt
FancyWoodenChairCushion
Feather
Feather
FeatheredHat
FeatheredHat
FeeblemindScroll
FeeblemindScroll
FemaleLeatherChest
FemaleLeatherChest
FemalePlateChest
FemalePlateChest
FemaleStuddedChest
FemaleStuddedChest
FireballScroll
FireballScroll
FireFieldScroll
Fish
Fish
FishBowl
FishingPole
FishingPole
FishingScales
FlagStoneAddonDeed
FlamestrikeScroll
Flax
Flax
FletcherTools
FletcherTools
FloppyHat
FloppyHat
FlourSifter
FlourSifter
FootStool
FrenchBread
FrenchBread
FriedEggs
FriedEggs
Froe
Froe
FullApron
FullApron
Garlic
Garlic
GateTravelScroll
Gears
Gears
GenderChangeDeed
Ginseng
Ginseng
GlassblowingBook
GlassblowingBook
GlassMug
GnarledStaff
GnarledStaff
GoldBeadNecklace
GoldBeadNecklace
GoldBracelet
GoldBracelet
GoldEarrings
GoldEarrings
GoldNecklace
GoldNecklace
GoldRing
GoldRing
Grapes
Grapes
GrapplingHook
GraveDust
GraveDust
GreaterHealScroll
GreenGourd
GreenGourd
GuildDeed
HairDye
HairDye
Halberd
Halberd
HalfApron
HalfApron
Ham
Ham
Hammer
Hammer
HammerPick
HammerPick
HarmScroll
HarmScroll
Harp
Harp
Hatchet
Hatchet
HealScroll
HealScroll
HeaterShield
HeaterShield
HeatingStand
HeavyCrossbow
HeavyCrossbow
Helmet
Helmet
Hides
Hides
Hinge
Hinge
HoneydewMelon
HoneydewMelon
HorrificBeastScroll
HousePlacementTool
HousePlacementTool
HouseSitterDeed
IncognitoScroll
Inshave
Inshave
InteriorDecorator
InteriorDecorator
InvisibilityScroll
IronGateHouseDoorDeed
IronIngot
IronIngot
JarHoney
JarHoney
JesterHat
JesterHat
JesterSuit
JesterSuit
JointingPlane
JointingPlane
Jug
Jug
Katana
Katana
Key
Key
KeyRing
Kilt
Kilt
Kindling
Kindling
Kryss
Kryss
LambLeg
LambLeg
Lance
Lance
Lantern
Lantern
LapHarp
LapHarp
LargeBagBall
LargeBattleAxe
LargeBattleAxe
LargeCrate
LargeTable
Leather
Leather
LeatherArms
LeatherArms
LeatherBustierArms
LeatherBustierArms
LeatherCap
LeatherCap
LeatherChest
LeatherChest
LeatherEmbroideryBook
LeatherEmbroideryFloss
LeatherGloves
LeatherGloves
LeatherGorget
LeatherGorget
LeatherLegs
LeatherLegs
LeatherShorts
LeatherShorts
LeatherSkirt
LeatherSkirt
Lemon
Lemon
LesserCurePotion
LesserCurePotion
LesserExplosionPotion
LesserExplosionPotion
LesserHealPotion
LesserHealPotion
LesserPoisonPotion
LesserPoisonPotion
Lettuce
Lettuce
Library
LichFormScroll
LightningScroll
LightWoodGateHouseDoorDeed
LightWoodHouseDoorDeed
LightYarn
LightYarn
LightYarnUnraveled
LightYarnUnraveled
Lime
Lime
LocalMap
LockboxBuildingPermit
Lockpick
Lockpick
Log
LongPants
LongPants
Longsword
Longsword
Lute
Lute
Mace
Mace
MagicArrowScroll
MagicArrowScroll
MagicLockScroll
MagicLockScroll
MagicReflectScroll
MagicTrapScroll
MagicTrapScroll
MagicUnTrapScroll
MagicUnTrapScroll
MagicWizardsHat
MaginciaLargeAddonDeed
MaginciaMediumEastAddonDeed
MaginciaMediumSouthAddonDeed
MaginciaSmallEastAddonDeed
MaginciaSmallSouthAddonDeed
MalletAndChisel
MalletAndChisel
ManaDrainScroll
ManaVampireScroll
MandrakeRoot
MandrakeRoot
ManuscriptPaper
MapmakersPen
MapmakersPen
MarkScroll
MasonryBook
MasonryBook
MassCurseScroll
MassDispelScroll
Maul
Maul
MediumCrate
MetalHouseDoorDeed
MetalKiteShield
MetalKiteShield
MetalShield
MetalShield
MeteorSwarmScroll
MindBlastScroll
MindRotScroll
MiniBossArmorBlessDeed
MinocLargeAddonDeed
MinocMediumEastAddonDeed
MinocMediumSouthAddonDeed
MinocSmallEastAddonDeed
MinocSmallSouthAddonDeed
ModerateUpgradeContract
ModestUpgradeContract
Moonstone
MortarPestle
MortarPestle
MouldingPlane
MouldingPlane
Muffins
Muffins
MusicBox
Nails
Nails
NameChangeDeed
Necklace
Necklace
NecromancerSpellbook
NewAquariumBook
Nightshade
Nightshade
NightSightPotion
NightSightPotion
NightSightScroll
NightSightScroll
Nightstand
NorseHelm
NorseHelm
NoxCrystal
NoxCrystal
NpcNameChangeDeed
NpcTitleChangeDeed
NujelmLargeAddonDeed
NujelmMediumEastAddonDeed
NujelmMediumSouthAddonDeed
NujelmSmallEastAddonDeed
NujelmSmallSouthAddonDeed
OccloLargeAddonDeed
OccloMediumEastAddonDeed
OccloMediumSouthAddonDeed
OccloSmallEastAddonDeed
OccloSmallSouthAddonDeed
Onion
Onion
OrcishBodyDeed
PainSpikeScroll
ParalyzeFieldScroll
ParalyzeScroll
Peach
Peach
PeachCobbler
PeachCobbler
Pear
Pear
PewterBowlOfCorn
PewterBowlOfCorn
PewterBowlOfLettuce
PewterBowlOfLettuce
PewterBowlOfPeas
PewterBowlOfPeas
PewterBowlOfPotatos
PewterBowlOfPotatos
Pickaxe
Pickaxe
PigIron
PigIron
Pike
Pike
Pitcher
Pitcher
Pitchfork
Pitchfork
PlainDress
PlainDress
PlateArms
PlateArms
PlateChest
PlateChest
PlateGloves
PlateGloves
PlateGorget
PlateGorget
PlateHelm
PlateHelm
PlateLegs
PlateLegs
PoisonFieldScroll
PoisonScroll
PoisonScroll
PoisonStrikeScroll
PolymorphScroll
PotionKegDyeTub
Pouch
Pouch
PowderOfTranslocation
PremiumUpgradeContract
PresetMap
PresetMapEntry
ProtectionScroll
ProtectionScroll
Pumpkin
Pumpkin
QuarterStaff
QuarterStaff
Quiche
Quiche
RattanHouseDoorDeed
RawBird
RawBird
RawChickenLeg
RawChickenLeg
RawFishSteak
RawFishSteak
RawLambLeg
RawLambLeg
RawRibs
RawRibs
ReactiveArmorScroll
ReactiveArmorScroll
RecallRune
RecallRune
RecallScroll
ReceiverCrystal
RedBook
RedBook
RefreshPotion
RefreshPotion
RepeatingCrossbow
RepeatingCrossbow
ResurrectionScroll
RevealScroll
Ribs
Ribs
RingmailArms
RingmailArms
RingmailChest
RingmailChest
RingmailGloves
RingmailGloves
RingmailLegs
RingmailLegs
RoastPig
RoastPig
Robe
Robe
RockHammer
RollingPin
RollingPin
RottenTomato
Ruby
Ruby
RunebookDyeTub
SackFlour
SackFlour
SalvageBag
Sandals
Sandals
SandMiningBook
SandMiningBook
SandstoneFountainDeed
Sapphire
Sapphire
Sausage
Sausage
Saw
Saw
Scepter
Scepter
Scimitar
Scimitar
Scissors
Scissors
Scorp
Scorp
ScribesPen
ScribesPen
Scythe
Scythe
SecretDarkWoodHouseDoorDeed
SecretLightStoneHouseDoorDeed
SecretLightWoodHouseDoorDeed
SecretStoneHouseDoorDeed
SeedBox
SewingKit
SewingKit
Sextant
Sextant
SextantParts
SextantParts
Shaft
Shaft
SheafOfHay
SheafOfHay
ShepherdsCrook
ShepherdsCrook
Shirt
Shirt
Shoes
Shoes
ShortPants
ShortPants
ShortSpear
ShortSpear
Shovel
Shovel
SilverBeadNecklace
SilverBracelet
SilverEarrings
SilverNecklace
SilverRing
Skillet
Skillet
SkinningKnife
SkinningKnife
Skirt
Skirt
SkullCap
SkullCap
SmallBagBall
SmallCrate
SmallIronGateHouseDoorDeed
SmithHammer
SmithHammer
SmoothingPlane
SmoothingPlane
Spear
Spear
Spellbook
Spellbook
SpidersSilk
SpidersSilk
SpoolOfThread
SpoolOfThread
Springs
Springs
SquareGraver
Squash
Squash
StarSapphire
StarSapphire
Stonebag
StoneFountainDeed
StoneGraver
StoneMiningBook
StoneMiningBook
Stool
StorageUpgradeInfo
StrangleScroll
StrawHat
StrawHat
StrengthPotion
StrengthPotion
StrengthScroll
StrengthScroll
StrongWoodHouseDoorDeed
StuddedArms
StuddedArms
StuddedBustierArms
StuddedBustierArms
StuddedChest
StuddedChest
StuddedGloves
StuddedGloves
StuddedGorget
StuddedGorget
StuddedLegs
StuddedLegs
SulfurousAsh
SulfurousAsh
SummonAirElementalScroll
SummonCreatureScroll
SummonDaemonScroll
SummonEarthElementalScroll
SummonFamiliarScroll
SummonFireElementalScroll
SummonWaterElementalScroll
SurveyTool
TallStrawHat
TallStrawHat
Tambourine
Tambourine
TanBook
TanBook
TaxidermyKit
TelekinisisScroll
TelekinisisScroll
TeleporterAddonDeed
TeleporterAddonDyeTub
TeleportScroll
TeleportScroll
TenjinsNeedle
TenjinsSaw
ThighBoots
ThighBoots
ThinLongsword
ThinLongsword
Throne
ThrowableRose
TinkersTools
TinkerTools
TinkerTools
Tongs
Tongs
Torch
Torch
Tourmaline
Tourmaline
TourneyStoneAddonDeed
TownshipDeed
TrashBarrel
TricorneHat
TricorneHat
TrinsicLargeAddonDeed
TrinsicMediumEastAddonDeed
TrinsicMediumSouthAddonDeed
TrinsicSmallEastAddonDeed
TrinsicSmallSouthAddonDeed
Tunic
Tunic
TwoHandedAxe
TwoHandedAxe
UncutCloth
UncutCloth
UnlockScroll
UnlockScroll
VacationWafer
VampiricEmbraceScroll
VendorRenegotiationContract
VendorRentalContract
VengefulSpiritScroll
VikingSword
VikingSword
WallOfStoneScroll
WallOfStoneScroll
WarAxe
WarAxe
WarFork
WarFork
WarHammer
WarHammer
WarMace
WarMace
Watermelon
Watermelon
WaxPot
WeakenScroll
WeakenScroll
WideBrimHat
WideBrimHat
WitherScroll
WizardsHat
WizardsHat
WoodenBench
WoodenBowlOfCarrots
WoodenBowlOfCarrots
WoodenBowlOfCorn
WoodenBowlOfCorn
WoodenBowlOfLettuce
WoodenBowlOfLettuce
WoodenBowlOfPeas
WoodenBowlOfPeas
WoodenBowlOfStew
WoodenBowlOfStew
WoodenBowlOfTomatoSoup
WoodenBowlOfTomatoSoup
WoodenBox
WoodenBox
WoodenChair
WoodenChairCushion
WoodenChest
WoodEngravingBook
WoodenKiteShield
WoodenKiteShield
WoodenShield
WoodenShield
WoodenThrone
Wool
Wool
WorldMap
WraithFormScroll
YellowGourd
YellowGourd
YewWoodTable
MusicCompositionBook
BrickHouseDeed
CastleDeed
FieldStoneHouseDeed
KeepDeed
LargeMarbleDeed
LargePatioDeed
LogCabinDeed
MarbleWorkshopDeed
SandstonePatioDeed
SmallBrickHouseDeed
SmallTowerDeed
StonePlasterHouseDeed
StoneWorkshopDeed
ThatchedRoofCottageDeed
TowerDeed
TwoStoryStonePlasterHouseDeed
TwoStoryWoodPlasterHouseDeed
VillaDeed
WoodHouseDeed
WoodPlasterHouseDeed
LargeBoatDeed
LargeDragonBoatDeed
MediumBoatDeed
MediumDragonBoatDeed
SmallBoatDeed
SmallDragonBoatDeed
BasaltDeed
Boxwood
DaciteDeed
DiabaseDeed
DioriteDeed
GabbroDeed
GneissDeed
PegmatiteDeed
PeridotiteDeed
QuartziteDeed
RhyoliteDeed
TownshipBuilderTool
TownshipStockpileDeed
DullCopperIngot
ShadowIronIngot
CopperIngot
BronzeIngot
GoldIngot
AgapiteIngot
VeriteIngot
ValoriteIngot
SpinedLeather
HornedLeather
BarbedLeather
OakBoard
AshBoard
YewBoard
HeartwoodBoard
BloodwoodBoard
FrostwoodBoard
BeehiveAddonDeed
HiveTool
greatercurepotion
curepotion
deadlypoisonpotion
greaterpoisonpotion
greaterpoisonpotion
deadlypoisonpotion
poisonpotion
rope
vinesRefreshPotion
TotalRefreshPotion
AgilityPotion
GreaterAgilityPotion
NightSightPotion
LesserHealPotion
HealPotion
GreaterHealPotion
StrengthPotion
GreaterStrengthPotion
LesserPoisonPotion
PoisonPotion
GreaterPoisonPotion
DeadlyPoisonPotion
LesserCurePotion
CurePotion
GreaterCurePotion
LesserExplosionPotion
ExplosionPotion
GreaterExplosionPotion
RingmailGloves
RingmailLegs
RingmailArms
RingmailChest
ChainCoif
ChainLegs
ChainChest
PlateArms
PlateGloves
PlateGorget
PlateLegs
PlateChest
FemalePlateChest
Bascinet
CloseHelm
Helmet
NorseHelm
PlateHelm
Buckler
BronzeShield
HeaterShield
MetalShield
MetalKiteShield
WoodenKiteShield
Broadsword
Cutlass
Dagger
Katana
Kryss
Longsword
Scimitar
VikingSword
Axe
BattleAxe
DoubleAxe
ExecutionersAxe
LargeBattleAxe
TwoHandedAxe
WarAxe
Bardiche
Halberd
ShortSpear
Spear
WarFork
HammerPick
Mace
Maul
WarMace
WarHammer
Kindling
Shaft
Arrow
Bolt
Bow
Crossbow
HeavyCrossbow
BoardCraft
BarrelStaves
BarrelLid
ShortMusicStand
TallMusicStand
Easle
FootStool
Stool
BambooChair
WoodenChair
FancyWoodenChairCushion
WoodenChairCushion
WoodenBench
WoodenThrone
Throne
Nightstand
WritingTable
YewWoodTable
LargeTable
WoodenBox
SmallCrate
MediumCrate
LargeCrate
WoodenChest
EmptyBookcase
FancyArmoire
Armoire
Keg
FullBookcase
ShepherdsCrook
Club
QuarterStaff
GnarledStaff
WoodenShield
FishingPole
LapHarp
Harp
Drums
Lute
Tambourine
TambourineTassel
SmallBedSouthDeed
SmallBedEastDeed
LargeBedSouthDeed
LargeBedEastDeed
DartBoardSouthDeed
DartBoardEastDeed
PentagramDeed
AbbatoirDeed
CounterAddonDeed
FortLadderDeed
LampPostSquareAddonDeed
LampPostRoundAddonDeed
LampPostOrnateAddonDeed
LanternPostSouthAddonDeed
LanternPostEastAddonDeed
MediumWoodenBenchSouthDeed
MediumWoodenBenchEastDeed
LargeWoodenBenchSouthDeed
LargeWoodenBenchEastDeed
MediumElegantWoodenBenchSouthDeed
MediumElegantWoodenBenchEastDeed
LargeElegantWoodenBenchSouthDeed
LargeElegantWoodenBenchEastDeed
MediumWoodenTableSouthDeed
MediumWoodenTableEastDeed
LargeWoodenTableSouthDeed
LargeWoodenTableEastDeed
MediumPlainWoodenTableSouthDeed
MediumPlainWoodenTableEastDeed
LargePlainWoodenTableSouthDeed
LargePlainWoodenTableEastDeed
MediumElegantWoodenTableSouthDeed
MediumElegantWoodenTableEastDeed
LargeElegantWoodenTableSouthDeed
LargeElegantWoodenTableEastDeed
SmallForgeDeed
LargeForgeEastDeed
LargeForgeSouthDeed
AnvilEastDeed
AnvilSouthDeed
TrainingDummyEastDeed
TrainingDummySouthDeed
PickpocketDipEastDeed
PickpocketDipSouthDeed
Dressform
SpinningwheelEastDeed
SpinningwheelSouthDeed
LoomEastDeed
LoomSouthDeed
StoneOvenEastDeed
StoneOvenSouthDeed
FlourMillEastDeed
FlourMillSouthDeed
WaterTroughEastDeed
WaterTroughSouthDeed
Kindling
Shaft
Arrow
Bolt
Bow
Crossbow
HeavyCrossbow
LocalMap
CityMap
SeaChart
WorldMap
SackFlour
Dough
SweetDough
CakeMix
CookieMix
UnbakedQuiche
UnbakedMeatPie
UncookedSausagePizza
UncookedCheesePizza
UnbakedFruitPie
UnbakedPeachCobbler
UnbakedApplePie
UnbakedPumpkinPie
TribalPaint
BreadLoaf
Cookies
Cake
Muffins
Quiche
MeatPie
SausagePizza
CheesePizza
FruitPie
PeachCobbler
ApplePie
PumpkinPie
CookedBird
ChickenLeg
FishSteak
FriedEggs
LambLeg
Ribs
Bottle
SmallFlask
MediumFlask
CurvedFlask
LongFlask
LargeFlask
AniSmallBlueFlask
AniLargeVioletFlask
AniRedRibbedFlask
EmptyVialsWRack
FullVialsWRack
SpinningHourglass
ReactiveArmorScroll
ClumsyScroll
CreateFoodScroll
FeeblemindScroll
HealScroll
MagicArrowScroll
NightSightScroll
WeakenScroll
AgilityScroll
CunningScroll
CureScroll
HarmScroll
MagicTrapScroll
MagicUnTrapScroll
ProtectionScroll
StrengthScroll
BlessScroll
FireballScroll
MagicLockScroll
PoisonScroll
TelekinisisScroll
TeleportScroll
UnlockScroll
WallOfStoneScroll
ArchCureScroll
ArchProtectionScroll
CurseScroll
FireFieldScroll
GreaterHealScroll
LightningScroll
ManaDrainScroll
RecallScroll
BladeSpiritsScroll
DispelFieldScroll
IncognitoScroll
MagicReflectScroll
MindBlastScroll
ParalyzeScroll
PoisonFieldScroll
SummonCreatureScroll
DispelScroll
EnergyBoltScroll
ExplosionScroll
InvisibilityScroll
MarkScroll
MassCurseScroll
ParalyzeFieldScroll
RevealScroll
ChainLightningScroll
EnergyFieldScroll
FlamestrikeScroll
GateTravelScroll
ManaVampireScroll
MassDispelScroll
MeteorSwarmScroll
PolymorphScroll
EarthquakeScroll
EnergyVortexScroll
ResurrectionScroll
SummonAirElementalScroll
SummonDaemonScroll
SummonEarthElementalScroll
SummonFireElementalScroll
SummonWaterElementalScroll
Runebook
Vase
LargeVase
StoneChair
MediumStoneTableEastDeed
MediumStoneTableSouthDeed
LargeStoneTableEastDeed
LargeStoneTableSouthDeed
StatueSouth
StatueNorth
StatueEast
StatuePegasus
SkullCap
Bandana
FloppyHat
Cap
WideBrimHat
StrawHat
TallStrawHat
WizardsHat
Bonnet
FeatheredHat
TricorneHat
JesterHat
Doublet
Shirt
FancyShirt
Tunic
Surcoat
PlainDress
FancyDress
Cloak
Robe
JesterSuit
ShortPants
LongPants
Kilt
Skirt
BodySash
HalfApron
FullApron
OilCloth
UncutCloth
Sandals
Shoes
Boots
ThighBoots
LeatherGorget
LeatherCap
LeatherGloves
LeatherArms
LeatherLegs
LeatherChest
StuddedGorget
StuddedGloves
StuddedArms
StuddedLegs
StuddedChest
LeatherShorts
LeatherSkirt
LeatherBustierArms
StuddedBustierArms
FemaleLeatherChest
FemaleStuddedChest
JointingPlane
MouldingPlane
SmoothingPlane
ClockFrame
Axle
RollingPin
BlackStaff
Scissors
MortarPestle
Scorp
TinkerTools
Hatchet
DrawKnife
SewingKit
Saw
DovetailSaw
Froe
Shovel
Hammer
Tongs
SmithHammer
Inshave
Pickaxe
Lockpick
Skillet
FlourSifter
FletcherTools
MapmakersPen
ScribesPen
Pitchfork
Gears
ClockParts
BarrelTap
Springs
SextantParts
BarrelHoops
Hinge
BolaBall
ButcherKnife
SpoonLeft
SpoonRight
Plate
ForkLeft
ForkRight
Cleaver
KnifeLeft
KnifeRight
Goblet
PewterMug
SkinningKnife
Candelabra
Scales
Spyglass
Lantern
HeatingStand
KeyRing
Key
GoldRing
GoldBracelet
SilverRing
SilverBracelet
GoldRing
SilverBeadNecklace
GoldNecklace
GoldEarrings
GoldBeadNecklace
GoldBracelet
GoldRing
SilverBeadNecklace
GoldNecklace
GoldEarrings
GoldBeadNecklace
GoldBracelet
GoldRing
SilverBeadNecklace
GoldNecklace
GoldEarrings
GoldBeadNecklace
GoldBracelet
GoldRing
SilverBeadNecklace
GoldNecklace
GoldEarrings
GoldBeadNecklace
GoldBracelet
GoldRing
SilverBeadNecklace
GoldNecklace
GoldEarrings
GoldBeadNecklace
GoldBracelet
GoldRing
SilverBeadNecklace
GoldNecklace
GoldEarrings
GoldBeadNecklace
GoldBracelet
GoldRing
SilverBeadNecklace
GoldNecklace
GoldEarrings
GoldBeadNecklace
GoldBracelet
GoldRing
SilverBeadNecklace
GoldNecklace
GoldEarrings
GoldBeadNecklace
GoldBracelet
GoldRing
SilverBeadNecklace
GoldNecklace
GoldEarrings
GoldBeadNecklace
GoldBracelet
AxleGears
ClockParts
SextantParts
ClockRight
ClockLeft
Sextant
Bola
PotionKeg
DartTrapCraft
PoisonTrapCraft
ExplosionTrapCraft
Granite
powercrystal
clockworkassembly
bankcheck
