7/28/2024 1:24:39 AM: RaresSpawner:Loc(5305, 87, 21 Felucca):Felucca:Rares Spawner(0x4000011E):Parent()():
7/28/2024 1:24:39 AM: MustSteal:True, RareType:CrystallinePowder, MinDelay:12:00:00, MaxDelay:1.00:00:00, HomeRange:0
7/28/2024 1:24:39 AM: RaresSpawner:Loc(3010, 3352, 21 Felucca):Felucca:Rares Spawner(0x4000011F):Parent()():
7/28/2024 1:24:39 AM: MustSteal:True, RareType:CrystallinePowder, MinDelay:12:00:00, MaxDelay:1.00:00:00, HomeRange:0
7/28/2024 1:24:39 AM: RaresSpawner:Loc(1847, 2714, 16 Felucca):Felucca:Rares Spawner(0x40000120):Parent()():
7/28/2024 1:24:39 AM: MustSteal:True, RareType:CrystallinePowder, MinDelay:12:00:00, MaxDelay:1.00:00:00, HomeRange:0
7/28/2024 1:24:39 AM: RaresSpawner:Loc(1222, 1722, 0 Felucca):Felucca:Rares Spawner(0x40000121):Parent()():
7/28/2024 1:24:39 AM: MustSteal:True, RareType:ScarecrowEast, MinDelay:12:00:00, MaxDelay:1.00:00:00, HomeRange:0
7/28/2024 1:24:39 AM: RaresSpawner:Loc(813, 2163, 0 Felucca):Felucca:Rares Spawner(0x40000122):Parent()():
7/28/2024 1:24:39 AM: MustSteal:True, RareType:ScarecrowEast, MinDelay:12:00:00, MaxDelay:1.00:00:00, HomeRange:0
7/28/2024 1:24:39 AM: RaresSpawner:Loc(3762, 1268, 6 Felucca):Felucca:Rares Spawner(0x40000127):Parent()():
7/28/2024 1:24:39 AM: MustSteal:True, RareType:RareUncutCloth, MinDelay:12:00:00, MaxDelay:1.00:00:00, HomeRange:0
7/28/2024 1:24:39 AM: RaresSpawner:Loc(3665, 2576, 6 Felucca):Felucca:Rares Spawner(0x40000128):Parent()():
7/28/2024 1:24:39 AM: MustSteal:True, RareType:RareUncutCloth, MinDelay:12:00:00, MaxDelay:1.00:00:00, HomeRange:0
7/28/2024 1:24:39 AM: RaresSpawner:Loc(4459, 1068, 0 Felucca):Felucca:Rares Spawner(0x40000129):Parent()():
7/28/2024 1:24:39 AM: MustSteal:True, RareType:RareBoltOfCloth, MinDelay:12:00:00, MaxDelay:1.00:00:00, HomeRange:0
7/28/2024 1:24:39 AM: RaresSpawner:Loc(2953, 619, 0 Felucca):Felucca:Rares Spawner(0x4000012A):Parent()():
7/28/2024 1:24:39 AM: MustSteal:True, RareType:RareBoltOfCloth, MinDelay:12:00:00, MaxDelay:1.00:00:00, HomeRange:0
7/28/2024 1:24:40 AM: RaresSpawner:Loc(1223, 1723, 0 Felucca):Felucca:Rares Spawner(0x40000194):Parent()():
7/28/2024 1:24:40 AM: MustSteal:True, RareType:PlowSouth, MinDelay:2.00:00:00, MaxDelay:4.00:00:00, HomeRange:10
7/28/2024 1:24:40 AM: RaresSpawner:Loc(3711, 2616, 20 Felucca):Felucca:Rares Spawner(0x40000195):Parent()():
7/28/2024 1:24:40 AM: MustSteal:True, RareType:PlowSouth, MinDelay:2.00:00:00, MaxDelay:4.00:00:00, HomeRange:10
7/28/2024 1:24:40 AM: RaresSpawner:Loc(676, 1009, 0 Felucca):Felucca:Rares Spawner(0x40000196):Parent()():
7/28/2024 1:24:40 AM: MustSteal:True, RareType:PlowEast, MinDelay:2.00:00:00, MaxDelay:4.00:00:00, HomeRange:0
7/28/2024 1:24:40 AM: RaresSpawner:Loc(3692, 1261, 24 Felucca):Felucca:Rares Spawner(0x40000197):Parent()():
7/28/2024 1:24:40 AM: MustSteal:True, RareType:FruitBasket, MinDelay:2.00:00:00, MaxDelay:4.00:00:00, HomeRange:0
7/28/2024 1:24:40 AM: RaresSpawner:Loc(1141, 1816, 6 Felucca):Felucca:Rares Spawner(0x40000198):Parent()():
7/28/2024 1:24:40 AM: MustSteal:True, RareType:FruitBasket, MinDelay:2.00:00:00, MaxDelay:4.00:00:00, HomeRange:0
7/28/2024 1:24:40 AM: RaresSpawner:Loc(1515, 1422, 21 Felucca):Felucca:Rares Spawner(0x40000199):Parent()():
7/28/2024 1:24:40 AM: MustSteal:True, RareType:FruitBasket, MinDelay:2.00:00:00, MaxDelay:4.00:00:00, HomeRange:0
7/28/2024 9:26:15 PM: RaresSpawner:Loc(5305, 87, 21 Felucca):Felucca:Rares Spawner(0x4000011E):Parent()():
7/28/2024 9:26:15 PM: MustSteal:True, RareType:CrystallinePowder, MinDelay:12:00:00, MaxDelay:1.00:00:00, HomeRange:0
7/28/2024 9:26:15 PM: RaresSpawner:Loc(3010, 3352, 21 Felucca):Felucca:Rares Spawner(0x4000011F):Parent()():
7/28/2024 9:26:15 PM: MustSteal:True, RareType:CrystallinePowder, MinDelay:12:00:00, MaxDelay:1.00:00:00, HomeRange:0
7/28/2024 9:26:15 PM: RaresSpawner:Loc(1847, 2714, 16 Felucca):Felucca:Rares Spawner(0x40000120):Parent()():
7/28/2024 9:26:15 PM: MustSteal:True, RareType:CrystallinePowder, MinDelay:12:00:00, MaxDelay:1.00:00:00, HomeRange:0
7/28/2024 9:26:15 PM: RaresSpawner:Loc(1222, 1722, 0 Felucca):Felucca:Rares Spawner(0x40000121):Parent()():
7/28/2024 9:26:15 PM: MustSteal:True, RareType:ScarecrowEast, MinDelay:12:00:00, MaxDelay:1.00:00:00, HomeRange:0
7/28/2024 9:26:15 PM: RaresSpawner:Loc(813, 2163, 0 Felucca):Felucca:Rares Spawner(0x40000122):Parent()():
7/28/2024 9:26:15 PM: MustSteal:True, RareType:ScarecrowEast, MinDelay:12:00:00, MaxDelay:1.00:00:00, HomeRange:0
7/28/2024 9:26:15 PM: RaresSpawner:Loc(3762, 1268, 6 Felucca):Felucca:Rares Spawner(0x40000127):Parent()():
7/28/2024 9:26:15 PM: MustSteal:True, RareType:RareUncutCloth, MinDelay:12:00:00, MaxDelay:1.00:00:00, HomeRange:0
7/28/2024 9:26:15 PM: RaresSpawner:Loc(3665, 2576, 6 Felucca):Felucca:Rares Spawner(0x40000128):Parent()():
7/28/2024 9:26:15 PM: MustSteal:True, RareType:RareUncutCloth, MinDelay:12:00:00, MaxDelay:1.00:00:00, HomeRange:0
7/28/2024 9:26:15 PM: RaresSpawner:Loc(4459, 1068, 0 Felucca):Felucca:Rares Spawner(0x40000129):Parent()():
7/28/2024 9:26:15 PM: MustSteal:True, RareType:RareBoltOfCloth, MinDelay:12:00:00, MaxDelay:1.00:00:00, HomeRange:0
7/28/2024 9:26:15 PM: RaresSpawner:Loc(2953, 619, 0 Felucca):Felucca:Rares Spawner(0x4000012A):Parent()():
7/28/2024 9:26:15 PM: MustSteal:True, RareType:RareBoltOfCloth, MinDelay:12:00:00, MaxDelay:1.00:00:00, HomeRange:0
7/28/2024 9:26:15 PM: RaresSpawner:Loc(1223, 1723, 0 Felucca):Felucca:Rares Spawner(0x40000194):Parent()():
7/28/2024 9:26:15 PM: MustSteal:True, RareType:PlowSouth, MinDelay:2.00:00:00, MaxDelay:4.00:00:00, HomeRange:10
7/28/2024 9:26:15 PM: RaresSpawner:Loc(3711, 2616, 20 Felucca):Felucca:Rares Spawner(0x40000195):Parent()():
7/28/2024 9:26:15 PM: MustSteal:True, RareType:PlowSouth, MinDelay:2.00:00:00, MaxDelay:4.00:00:00, HomeRange:10
7/28/2024 9:26:15 PM: RaresSpawner:Loc(676, 1009, 0 Felucca):Felucca:Rares Spawner(0x40000196):Parent()():
7/28/2024 9:26:15 PM: MustSteal:True, RareType:PlowEast, MinDelay:2.00:00:00, MaxDelay:4.00:00:00, HomeRange:0
7/28/2024 9:26:16 PM: RaresSpawner:Loc(3692, 1261, 24 Felucca):Felucca:Rares Spawner(0x40000197):Parent()():
7/28/2024 9:26:16 PM: MustSteal:True, RareType:FruitBasket, MinDelay:2.00:00:00, MaxDelay:4.00:00:00, HomeRange:0
7/28/2024 9:26:16 PM: RaresSpawner:Loc(1141, 1816, 6 Felucca):Felucca:Rares Spawner(0x40000198):Parent()():
7/28/2024 9:26:16 PM: MustSteal:True, RareType:FruitBasket, MinDelay:2.00:00:00, MaxDelay:4.00:00:00, HomeRange:0
7/28/2024 9:26:16 PM: RaresSpawner:Loc(1515, 1422, 21 Felucca):Felucca:Rares Spawner(0x40000199):Parent()():
7/28/2024 9:26:16 PM: MustSteal:True, RareType:FruitBasket, MinDelay:2.00:00:00, MaxDelay:4.00:00:00, HomeRange:0
